c:\users\betfr\documents\visual studio 2015\projects\bonkerlands-tps-version1.07\bonkerlands\libpsutil-master\libpsutil\ps3_release\md5.o
c:\users\betfr\documents\visual studio 2015\projects\bonkerlands-tps-version1.07\bonkerlands\libpsutil-master\libpsutil\ps3_release\rc4.o
c:\users\betfr\documents\visual studio 2015\projects\bonkerlands-tps-version1.07\bonkerlands\libpsutil-master\libpsutil\ps3_release\sha.o
c:\users\betfr\documents\visual studio 2015\projects\bonkerlands-tps-version1.07\bonkerlands\libpsutil-master\libpsutil\ps3_release\tiger.o
c:\users\betfr\documents\visual studio 2015\projects\bonkerlands-tps-version1.07\bonkerlands\libpsutil-master\libpsutil\ps3_release\math.o
c:\users\betfr\documents\visual studio 2015\projects\bonkerlands-tps-version1.07\bonkerlands\libpsutil-master\libpsutil\ps3_release\httpclient.o
c:\users\betfr\documents\visual studio 2015\projects\bonkerlands-tps-version1.07\bonkerlands\libpsutil-master\libpsutil\ps3_release\socket.o
c:\users\betfr\documents\visual studio 2015\projects\bonkerlands-tps-version1.07\bonkerlands\libpsutil-master\libpsutil\ps3_release\string.o
c:\users\betfr\documents\visual studio 2015\projects\bonkerlands-tps-version1.07\bonkerlands\libpsutil-master\libpsutil\ps3_release\symbol.o
c:\users\betfr\documents\visual studio 2015\projects\bonkerlands-tps-version1.07\bonkerlands\libpsutil-master\libpsutil\ps3_release\filesystem.o
c:\users\betfr\documents\visual studio 2015\projects\bonkerlands-tps-version1.07\bonkerlands\libpsutil-master\libpsutil\ps3_release\imports.o
c:\users\betfr\documents\visual studio 2015\projects\bonkerlands-tps-version1.07\bonkerlands\libpsutil-master\libpsutil\ps3_release\memory.o
c:\users\betfr\documents\visual studio 2015\projects\bonkerlands-tps-version1.07\bonkerlands\libpsutil-master\libpsutil\ps3_release\syscalls.o
c:\users\betfr\documents\visual studio 2015\projects\bonkerlands-tps-version1.07\bonkerlands\ps3_release\libpsutil.a
c:\users\betfr\documents\visual studio 2015\projects\bonkerlands-tps-version1.07\bonkerlands\libpsutil-master\libpsutil\ps3_release\libpsutil.tlog\ps3ppusnc.command.1.tlog
c:\users\betfr\documents\visual studio 2015\projects\bonkerlands-tps-version1.07\bonkerlands\libpsutil-master\libpsutil\ps3_release\libpsutil.tlog\ps3ppusnc.read.1.tlog
c:\users\betfr\documents\visual studio 2015\projects\bonkerlands-tps-version1.07\bonkerlands\libpsutil-master\libpsutil\ps3_release\libpsutil.tlog\ps3ppusnc.write.1.tlog
c:\users\betfr\documents\visual studio 2015\projects\bonkerlands-tps-version1.07\bonkerlands\libpsutil-master\libpsutil\ps3_release\libpsutil.tlog\ps3snarl.command.1.tlog
c:\users\betfr\documents\visual studio 2015\projects\bonkerlands-tps-version1.07\bonkerlands\libpsutil-master\libpsutil\ps3_release\libpsutil.tlog\ps3snarl.read.1.tlog
c:\users\betfr\documents\visual studio 2015\projects\bonkerlands-tps-version1.07\bonkerlands\libpsutil-master\libpsutil\ps3_release\libpsutil.tlog\ps3snarl.write.1.tlog
